<?xml version="1.0" encoding="UTF-8"?>
<!-- Generated by org.testng.reporters.JUnitXMLReporter -->
<testsuite hostname="jay" ignored="0" name="Test" tests="6" failures="0" timestamp="18 Dec 2020 04:12:30 GMT" time="0.018" errors="0">
  <testcase name="deleteTwitter" time="0.005" classname="qaclickacademy.Mavenjava.RestApiTest"/>
  <testcase name="postJira" time="0.0" classname="qaclickacademy.Mavenjava.RestApiTest"/>
  <testcase name="IosApps" time="0.0" classname="qaclickacademy.Mavenjava.AppiumTest"/>
  <testcase name="NativeAppAndroid" time="0.0" classname="qaclickacademy.Mavenjava.AppiumTest"/>
  <testcase name="BrowserAutomation" time="0.0" classname="qaclickacademy.Mavenjava.SeleniumTest"/>
  <testcase name="elementsUi" time="0.001" classname="qaclickacademy.Mavenjava.SeleniumTest"/>
</testsuite> <!-- Test -->
